SF:lib/calendar_base.dart
DA:14,1
DA:15,5
DA:36,1
DA:48,0
DA:50,0
DA:51,0
DA:52,0
DA:53,0
DA:54,0
DA:55,0
DA:56,0
DA:57,0
DA:58,0
DA:59,0
DA:60,0
DA:61,0
DA:62,0
DA:63,0
DA:71,1
DA:72,1
DA:75,1
DA:76,1
DA:101,1
DA:116,0
DA:126,1
DA:128,0
DA:130,0
DA:131,0
DA:132,0
DA:133,0
DA:134,0
DA:135,0
DA:136,0
DA:137,0
DA:138,0
DA:139,0
DA:140,0
DA:141,0
DA:142,0
DA:143,0
DA:144,0
DA:146,0
DA:159,1
DA:161,1
DA:163,1
DA:165,1
DA:166,2
DA:167,2
DA:168,1
DA:169,2
DA:180,1
DA:182,1
DA:184,2
DA:186,0
DA:188,5
DA:197,1
DA:199,1
DA:201,2
DA:202,1
DA:203,1
DA:221,2
DA:223,1
DA:224,1
DA:225,3
DA:226,8
DA:227,4
DA:228,3
DA:229,4
DA:230,3
DA:231,4
DA:234,1
DA:235,1
DA:236,1
DA:237,1
DA:238,2
DA:239,1
DA:242,1
DA:243,3
DA:244,1
DA:245,1
DA:246,2
DA:247,2
DA:249,1
DA:250,0
DA:252,3
DA:255,1
DA:256,1
DA:257,4
DA:258,3
DA:259,1
DA:261,3
DA:262,7
DA:264,3
DA:267,1
DA:268,1
DA:269,1
DA:270,1
DA:271,4
DA:272,1
DA:273,1
DA:274,1
DA:275,1
DA:278,5
DA:279,1
DA:282,1
DA:283,1
DA:284,4
DA:288,1
DA:289,2
DA:292,1
DA:293,4
DA:296,1
DA:297,3
DA:300,3
DA:302,1
DA:303,1
DA:304,5
DA:305,7
DA:306,4
DA:308,3
DA:309,1
DA:311,3
DA:316,1
DA:318,1
DA:328,4
DA:330,1
DA:332,5
DA:333,2
DA:335,0
DA:337,1
DA:345,1
DA:347,1
DA:349,1
DA:350,1
DA:351,1
DA:360,1
DA:362,1
DA:364,3
DA:365,2
DA:367,1
DA:369,0
DA:373,1
DA:374,7
DA:375,3
DA:376,5
DA:377,2
DA:378,3
DA:379,3
DA:388,1
DA:390,1
DA:391,2
DA:394,1
DA:396,2
DA:398,0
DA:400,4
LF:155
LH:117
end_of_record
